<?xml version="1.0" encoding="UTF-8"?>
<!-- Generated by org.testng.reporters.JUnitXMLReporter -->
<testsuite hostname="kartik.local" name="Add new address from Address Book Test" tests="1" failures="1" timestamp="6 Apr 2017 12:02:30 GMT" time="85.152" errors="0">
  <testcase name="addAddressBook" time="84.712" classname="com.noon.iosapp.AddAddressBookTest">
    <failure type="java.lang.NoClassDefFoundError" message="com/fasterxml/jackson/databind/JavaType">
      <![CDATA[java.lang.NoClassDefFoundError: com/fasterxml/jackson/databind/JavaType
	at services.AddressService.deleteAllAddresses(AddressService.java:27)
	at com.noon.iosapp.AddAddressBookTest.addAddressBook(AddAddressBookTest.java:67)
Caused by: java.lang.ClassNotFoundException: com.fasterxml.jackson.databind.JavaType
	at java.net.URLClassLoader.findClass(URLClassLoader.java:381)
	at java.lang.ClassLoader.loadClass(ClassLoader.java:424)
	at sun.misc.Launcher$AppClassLoader.loadClass(Launcher.java:331)
	at java.lang.ClassLoader.loadClass(ClassLoader.java:357)
	... 25 more
... Removed 23 stack frames]]>
    </failure>
  </testcase> <!-- addAddressBook -->
</testsuite> <!-- Add new address from Address Book Test -->
