<?xml version="1.0" encoding="UTF-8"?>
<!-- Generated by org.testng.reporters.JUnitXMLReporter -->
<testsuite hostname="kartik.local" name="Checkout through COD Test" tests="1" failures="1" timestamp="11 Apr 2017 11:48:34 GMT" time="18.842" errors="0">
  <testcase name="payWithCODCard" time="18.433" classname="com.noon.iosapp.PayWithCODTest">
    <failure type="java.lang.NoClassDefFoundError" message="com/fasterxml/jackson/databind/JavaType">
      <![CDATA[java.lang.NoClassDefFoundError: com/fasterxml/jackson/databind/JavaType
	at services.ProductService.<init>(ProductService.java:18)
	at com.noon.iosapp.PayWithCODTest.payWithCODCard(PayWithCODTest.java:57)
Caused by: java.lang.ClassNotFoundException: com.fasterxml.jackson.databind.JavaType
	at java.net.URLClassLoader.findClass(URLClassLoader.java:381)
	at java.lang.ClassLoader.loadClass(ClassLoader.java:424)
	at sun.misc.Launcher$AppClassLoader.loadClass(Launcher.java:331)
	at java.lang.ClassLoader.loadClass(ClassLoader.java:357)
	... 25 more
... Removed 23 stack frames]]>
    </failure>
  </testcase> <!-- payWithCODCard -->
</testsuite> <!-- Checkout through COD Test -->
