<?xml version="1.0" encoding="UTF-8"?>
<!-- Generated by org.testng.reporters.JUnitXMLReporter -->
<testsuite hostname="kartik.local" name="Edit cart Test" tests="1" failures="1" timestamp="11 Apr 2017 11:44:19 GMT" time="19.572" errors="0">
  <testcase name="editCartItems" time="19.141" classname="com.noon.iosapp.EditCartTest">
    <failure type="java.lang.NoClassDefFoundError" message="com/fasterxml/jackson/databind/JavaType">
      <![CDATA[java.lang.NoClassDefFoundError: com/fasterxml/jackson/databind/JavaType
	at services.ProductService.<init>(ProductService.java:18)
	at com.noon.iosapp.EditCartTest.editCartItems(EditCartTest.java:34)
Caused by: java.lang.ClassNotFoundException: com.fasterxml.jackson.databind.JavaType
	at java.net.URLClassLoader.findClass(URLClassLoader.java:381)
	at java.lang.ClassLoader.loadClass(ClassLoader.java:424)
	at sun.misc.Launcher$AppClassLoader.loadClass(Launcher.java:331)
	at java.lang.ClassLoader.loadClass(ClassLoader.java:357)
	... 25 more
... Removed 23 stack frames]]>
    </failure>
  </testcase> <!-- editCartItems -->
</testsuite> <!-- Edit cart Test -->
