<?xml version="1.0" encoding="UTF-8"?>
<!-- Generated by org.testng.reporters.JUnitXMLReporter -->
<testsuite hostname="kartik.local" name="Product Details Test" tests="1" failures="1" timestamp="11 Apr 2017 11:37:39 GMT" time="18.985" errors="0">
  <testcase name="prodcutDetails" time="18.57" classname="com.noon.iosapp.ProductDetailsTest">
    <failure type="java.lang.NoClassDefFoundError" message="com/fasterxml/jackson/databind/JavaType">
      <![CDATA[java.lang.NoClassDefFoundError: com/fasterxml/jackson/databind/JavaType
	at services.ProductService.<init>(ProductService.java:18)
	at com.noon.iosapp.ProductDetailsTest.prodcutDetails(ProductDetailsTest.java:25)
Caused by: java.lang.ClassNotFoundException: com.fasterxml.jackson.databind.JavaType
	at java.net.URLClassLoader.findClass(URLClassLoader.java:381)
	at java.lang.ClassLoader.loadClass(ClassLoader.java:424)
	at sun.misc.Launcher$AppClassLoader.loadClass(Launcher.java:331)
	at java.lang.ClassLoader.loadClass(ClassLoader.java:357)
	... 25 more
... Removed 23 stack frames]]>
    </failure>
  </testcase> <!-- prodcutDetails -->
</testsuite> <!-- Product Details Test -->
