<?xml version="1.0" encoding="UTF-8"?>
<!-- Generated by org.testng.reporters.JUnitXMLReporter -->
<testsuite hostname="kartik.local" name="Register email through OTP code Test" tests="1" failures="1" timestamp="6 Apr 2017 11:54:07 GMT" time="70.07" errors="0">
  <testcase name="registerWithEmail" time="69.662" classname="com.noon.iosapp.RegisterWithEmailTest">
    <failure type="java.lang.NoClassDefFoundError" message="org/slf4j/LoggerFactory">
      <![CDATA[java.lang.NoClassDefFoundError: org/slf4j/LoggerFactory
	at services.OTPExtractionService.<clinit>(OTPExtractionService.java:22)
	at com.noon.iosapp.pages.RegisterWithEmailPage.registerWithEmail(RegisterWithEmailPage.java:126)
	at com.noon.iosapp.RegisterWithEmailTest.registerWithEmail(RegisterWithEmailTest.java:28)
Caused by: java.lang.ClassNotFoundException: org.slf4j.LoggerFactory
	at java.net.URLClassLoader.findClass(URLClassLoader.java:381)
	at java.lang.ClassLoader.loadClass(ClassLoader.java:424)
	at sun.misc.Launcher$AppClassLoader.loadClass(Launcher.java:331)
	at java.lang.ClassLoader.loadClass(ClassLoader.java:357)
	... 26 more
... Removed 23 stack frames]]>
    </failure>
  </testcase> <!-- registerWithEmail -->
</testsuite> <!-- Register email through OTP code Test -->
