<?xml version="1.0" encoding="UTF-8"?>
<testng-results skipped="0" failed="11" total="17" passed="6">
  <reporter-output>
  </reporter-output>
  <suite name="Noon" duration-ms="798473" started-at="2017-04-11T11:35:35Z" finished-at="2017-04-11T11:48:53Z">
    <groups>
    </groups>
    <test name="Splash screen Test" duration-ms="20350" started-at="2017-04-11T11:35:35Z" finished-at="2017-04-11T11:35:55Z">
      <class name="com.noon.iosapp.SplashScreenTest">
        <test-method status="PASS" signature="SplashScreen()[pri:0, instance:com.noon.iosapp.SplashScreenTest@34c4973]" name="SplashScreen" duration-ms="19748" started-at="2017-04-11T15:35:35Z" finished-at="2017-04-11T15:35:54Z">
          <reporter-output>
          </reporter-output>
        </test-method> <!-- SplashScreen -->
        <test-method status="PASS" signature="quit()[pri:0, instance:com.noon.iosapp.SplashScreenTest@34c4973]" name="quit" is-config="true" duration-ms="595" started-at="2017-04-11T15:35:54Z" finished-at="2017-04-11T15:35:55Z">
          <reporter-output>
          </reporter-output>
        </test-method> <!-- quit -->
      </class> <!-- com.noon.iosapp.SplashScreenTest -->
    </test> <!-- Splash screen Test -->
    <test name="Localization page Test" duration-ms="25737" started-at="2017-04-11T11:35:55Z" finished-at="2017-04-11T11:36:21Z">
      <class name="com.noon.iosapp.LocalizationTest">
        <test-method status="PASS" signature="prodcutDetails()[pri:0, instance:com.noon.iosapp.LocalizationTest@1a8a8f7c]" name="prodcutDetails" duration-ms="25339" started-at="2017-04-11T15:35:55Z" finished-at="2017-04-11T15:36:20Z">
          <reporter-output>
          </reporter-output>
        </test-method> <!-- prodcutDetails -->
        <test-method status="PASS" signature="quit()[pri:0, instance:com.noon.iosapp.LocalizationTest@1a8a8f7c]" name="quit" is-config="true" duration-ms="397" started-at="2017-04-11T15:36:20Z" finished-at="2017-04-11T15:36:21Z">
          <reporter-output>
          </reporter-output>
        </test-method> <!-- quit -->
      </class> <!-- com.noon.iosapp.LocalizationTest -->
    </test> <!-- Localization page Test -->
    <test name="Side Bar Menu link Test" duration-ms="40482" started-at="2017-04-11T11:36:21Z" finished-at="2017-04-11T11:37:01Z">
      <class name="com.noon.iosapp.SideBarLinksTest">
        <test-method status="PASS" signature="sideBarLinks()[pri:0, instance:com.noon.iosapp.SideBarLinksTest@36b4cef0]" name="sideBarLinks" duration-ms="40128" started-at="2017-04-11T15:36:21Z" finished-at="2017-04-11T15:37:01Z">
          <reporter-output>
          </reporter-output>
        </test-method> <!-- sideBarLinks -->
        <test-method status="PASS" signature="quit()[pri:0, instance:com.noon.iosapp.SideBarLinksTest@36b4cef0]" name="quit" is-config="true" duration-ms="353" started-at="2017-04-11T15:37:01Z" finished-at="2017-04-11T15:37:01Z">
          <reporter-output>
          </reporter-output>
        </test-method> <!-- quit -->
      </class> <!-- com.noon.iosapp.SideBarLinksTest -->
    </test> <!-- Side Bar Menu link Test -->
    <test name="Search Test" duration-ms="19038" started-at="2017-04-11T11:37:01Z" finished-at="2017-04-11T11:37:20Z">
      <class name="com.noon.iosapp.SearchTest">
        <test-method status="FAIL" signature="searchItems()[pri:0, instance:com.noon.iosapp.SearchTest@1d8d30f7]" name="searchItems" duration-ms="18621" started-at="2017-04-11T15:37:01Z" finished-at="2017-04-11T15:37:20Z">
          <exception class="java.lang.NoClassDefFoundError">
            <message>
              <![CDATA[com/fasterxml/jackson/databind/JavaType]]>
            </message>
            <full-stacktrace>
              <![CDATA[java.lang.NoClassDefFoundError: com/fasterxml/jackson/databind/JavaType
	at services.ProductService.<init>(ProductService.java:18)
	at com.noon.iosapp.SearchTest.searchItems(SearchTest.java:27)
	at sun.reflect.NativeMethodAccessorImpl.invoke0(Native Method)
	at sun.reflect.NativeMethodAccessorImpl.invoke(NativeMethodAccessorImpl.java:62)
	at sun.reflect.DelegatingMethodAccessorImpl.invoke(DelegatingMethodAccessorImpl.java:43)
	at java.lang.reflect.Method.invoke(Method.java:498)
	at org.testng.internal.MethodInvocationHelper.invokeMethod(MethodInvocationHelper.java:85)
	at org.testng.internal.Invoker.invokeMethod(Invoker.java:639)
	at org.testng.internal.Invoker.invokeTestMethod(Invoker.java:816)
	at org.testng.internal.Invoker.invokeTestMethods(Invoker.java:1124)
	at org.testng.internal.TestMethodWorker.invokeTestMethods(TestMethodWorker.java:125)
	at org.testng.internal.TestMethodWorker.run(TestMethodWorker.java:108)
	at org.testng.TestRunner.privateRun(TestRunner.java:774)
	at org.testng.TestRunner.run(TestRunner.java:624)
	at org.testng.SuiteRunner.runTest(SuiteRunner.java:359)
	at org.testng.SuiteRunner.runSequentially(SuiteRunner.java:354)
	at org.testng.SuiteRunner.privateRun(SuiteRunner.java:312)
	at org.testng.SuiteRunner.run(SuiteRunner.java:261)
	at org.testng.SuiteRunnerWorker.runSuite(SuiteRunnerWorker.java:52)
	at org.testng.SuiteRunnerWorker.run(SuiteRunnerWorker.java:86)
	at org.testng.TestNG.runSuitesSequentially(TestNG.java:1215)
	at org.testng.TestNG.runSuitesLocally(TestNG.java:1140)
	at org.testng.TestNG.run(TestNG.java:1048)
	at org.testng.TestNG.privateMain(TestNG.java:1355)
	at org.testng.TestNG.main(TestNG.java:1324)
Caused by: java.lang.ClassNotFoundException: com.fasterxml.jackson.databind.JavaType
	at java.net.URLClassLoader.findClass(URLClassLoader.java:381)
	at java.lang.ClassLoader.loadClass(ClassLoader.java:424)
	at sun.misc.Launcher$AppClassLoader.loadClass(Launcher.java:331)
	at java.lang.ClassLoader.loadClass(ClassLoader.java:357)
	... 25 more
]]>
            </full-stacktrace>
          </exception> <!-- java.lang.NoClassDefFoundError -->
          <reporter-output>
          </reporter-output>
        </test-method> <!-- searchItems -->
        <test-method status="PASS" signature="quit()[pri:0, instance:com.noon.iosapp.SearchTest@1d8d30f7]" name="quit" is-config="true" duration-ms="416" started-at="2017-04-11T15:37:20Z" finished-at="2017-04-11T15:37:20Z">
          <reporter-output>
          </reporter-output>
        </test-method> <!-- quit -->
      </class> <!-- com.noon.iosapp.SearchTest -->
    </test> <!-- Search Test -->
    <test name="Product Details Test" duration-ms="18985" started-at="2017-04-11T11:37:20Z" finished-at="2017-04-11T11:37:39Z">
      <class name="com.noon.iosapp.ProductDetailsTest">
        <test-method status="FAIL" signature="prodcutDetails()[pri:0, instance:com.noon.iosapp.ProductDetailsTest@5bb21b69]" name="prodcutDetails" duration-ms="18570" started-at="2017-04-11T15:37:20Z" finished-at="2017-04-11T15:37:39Z">
          <exception class="java.lang.NoClassDefFoundError">
            <message>
              <![CDATA[com/fasterxml/jackson/databind/JavaType]]>
            </message>
            <full-stacktrace>
              <![CDATA[java.lang.NoClassDefFoundError: com/fasterxml/jackson/databind/JavaType
	at services.ProductService.<init>(ProductService.java:18)
	at com.noon.iosapp.ProductDetailsTest.prodcutDetails(ProductDetailsTest.java:25)
	at sun.reflect.NativeMethodAccessorImpl.invoke0(Native Method)
	at sun.reflect.NativeMethodAccessorImpl.invoke(NativeMethodAccessorImpl.java:62)
	at sun.reflect.DelegatingMethodAccessorImpl.invoke(DelegatingMethodAccessorImpl.java:43)
	at java.lang.reflect.Method.invoke(Method.java:498)
	at org.testng.internal.MethodInvocationHelper.invokeMethod(MethodInvocationHelper.java:85)
	at org.testng.internal.Invoker.invokeMethod(Invoker.java:639)
	at org.testng.internal.Invoker.invokeTestMethod(Invoker.java:816)
	at org.testng.internal.Invoker.invokeTestMethods(Invoker.java:1124)
	at org.testng.internal.TestMethodWorker.invokeTestMethods(TestMethodWorker.java:125)
	at org.testng.internal.TestMethodWorker.run(TestMethodWorker.java:108)
	at org.testng.TestRunner.privateRun(TestRunner.java:774)
	at org.testng.TestRunner.run(TestRunner.java:624)
	at org.testng.SuiteRunner.runTest(SuiteRunner.java:359)
	at org.testng.SuiteRunner.runSequentially(SuiteRunner.java:354)
	at org.testng.SuiteRunner.privateRun(SuiteRunner.java:312)
	at org.testng.SuiteRunner.run(SuiteRunner.java:261)
	at org.testng.SuiteRunnerWorker.runSuite(SuiteRunnerWorker.java:52)
	at org.testng.SuiteRunnerWorker.run(SuiteRunnerWorker.java:86)
	at org.testng.TestNG.runSuitesSequentially(TestNG.java:1215)
	at org.testng.TestNG.runSuitesLocally(TestNG.java:1140)
	at org.testng.TestNG.run(TestNG.java:1048)
	at org.testng.TestNG.privateMain(TestNG.java:1355)
	at org.testng.TestNG.main(TestNG.java:1324)
Caused by: java.lang.ClassNotFoundException: com.fasterxml.jackson.databind.JavaType
	at java.net.URLClassLoader.findClass(URLClassLoader.java:381)
	at java.lang.ClassLoader.loadClass(ClassLoader.java:424)
	at sun.misc.Launcher$AppClassLoader.loadClass(Launcher.java:331)
	at java.lang.ClassLoader.loadClass(ClassLoader.java:357)
	... 25 more
]]>
            </full-stacktrace>
          </exception> <!-- java.lang.NoClassDefFoundError -->
          <reporter-output>
          </reporter-output>
        </test-method> <!-- prodcutDetails -->
        <test-method status="PASS" signature="quit()[pri:0, instance:com.noon.iosapp.ProductDetailsTest@5bb21b69]" name="quit" is-config="true" duration-ms="415" started-at="2017-04-11T15:37:39Z" finished-at="2017-04-11T15:37:39Z">
          <reporter-output>
          </reporter-output>
        </test-method> <!-- quit -->
      </class> <!-- com.noon.iosapp.ProductDetailsTest -->
    </test> <!-- Product Details Test -->
    <test name="Register email through OTP code Test" duration-ms="67715" started-at="2017-04-11T11:37:39Z" finished-at="2017-04-11T11:38:47Z">
      <class name="com.noon.iosapp.RegisterWithEmailTest">
        <test-method status="FAIL" signature="registerWithEmail()[pri:0, instance:com.noon.iosapp.RegisterWithEmailTest@4abdb505]" name="registerWithEmail" duration-ms="67312" started-at="2017-04-11T15:37:39Z" finished-at="2017-04-11T15:38:47Z">
          <exception class="java.lang.NoClassDefFoundError">
            <message>
              <![CDATA[org/slf4j/LoggerFactory]]>
            </message>
            <full-stacktrace>
              <![CDATA[java.lang.NoClassDefFoundError: org/slf4j/LoggerFactory
	at services.OTPExtractionService.<clinit>(OTPExtractionService.java:22)
	at com.noon.iosapp.pages.RegisterWithEmailPage.registerWithEmail(RegisterWithEmailPage.java:126)
	at com.noon.iosapp.RegisterWithEmailTest.registerWithEmail(RegisterWithEmailTest.java:28)
	at sun.reflect.NativeMethodAccessorImpl.invoke0(Native Method)
	at sun.reflect.NativeMethodAccessorImpl.invoke(NativeMethodAccessorImpl.java:62)
	at sun.reflect.DelegatingMethodAccessorImpl.invoke(DelegatingMethodAccessorImpl.java:43)
	at java.lang.reflect.Method.invoke(Method.java:498)
	at org.testng.internal.MethodInvocationHelper.invokeMethod(MethodInvocationHelper.java:85)
	at org.testng.internal.Invoker.invokeMethod(Invoker.java:639)
	at org.testng.internal.Invoker.invokeTestMethod(Invoker.java:816)
	at org.testng.internal.Invoker.invokeTestMethods(Invoker.java:1124)
	at org.testng.internal.TestMethodWorker.invokeTestMethods(TestMethodWorker.java:125)
	at org.testng.internal.TestMethodWorker.run(TestMethodWorker.java:108)
	at org.testng.TestRunner.privateRun(TestRunner.java:774)
	at org.testng.TestRunner.run(TestRunner.java:624)
	at org.testng.SuiteRunner.runTest(SuiteRunner.java:359)
	at org.testng.SuiteRunner.runSequentially(SuiteRunner.java:354)
	at org.testng.SuiteRunner.privateRun(SuiteRunner.java:312)
	at org.testng.SuiteRunner.run(SuiteRunner.java:261)
	at org.testng.SuiteRunnerWorker.runSuite(SuiteRunnerWorker.java:52)
	at org.testng.SuiteRunnerWorker.run(SuiteRunnerWorker.java:86)
	at org.testng.TestNG.runSuitesSequentially(TestNG.java:1215)
	at org.testng.TestNG.runSuitesLocally(TestNG.java:1140)
	at org.testng.TestNG.run(TestNG.java:1048)
	at org.testng.TestNG.privateMain(TestNG.java:1355)
	at org.testng.TestNG.main(TestNG.java:1324)
Caused by: java.lang.ClassNotFoundException: org.slf4j.LoggerFactory
	at java.net.URLClassLoader.findClass(URLClassLoader.java:381)
	at java.lang.ClassLoader.loadClass(ClassLoader.java:424)
	at sun.misc.Launcher$AppClassLoader.loadClass(Launcher.java:331)
	at java.lang.ClassLoader.loadClass(ClassLoader.java:357)
	... 26 more
]]>
            </full-stacktrace>
          </exception> <!-- java.lang.NoClassDefFoundError -->
          <reporter-output>
          </reporter-output>
        </test-method> <!-- registerWithEmail -->
        <test-method status="PASS" signature="quit()[pri:0, instance:com.noon.iosapp.RegisterWithEmailTest@4abdb505]" name="quit" is-config="true" duration-ms="402" started-at="2017-04-11T15:38:47Z" finished-at="2017-04-11T15:38:47Z">
          <reporter-output>
          </reporter-output>
        </test-method> <!-- quit -->
      </class> <!-- com.noon.iosapp.RegisterWithEmailTest -->
    </test> <!-- Register email through OTP code Test -->
    <test name="Login By Phone Test" duration-ms="203018" started-at="2017-04-11T11:38:47Z" finished-at="2017-04-11T11:42:10Z">
      <class name="com.noon.iosapp.LoginByPhoneTest">
        <test-method status="PASS" signature="loginByPhone()[pri:0, instance:com.noon.iosapp.LoginByPhoneTest@45820e51]" name="loginByPhone" duration-ms="202539" started-at="2017-04-11T15:38:47Z" finished-at="2017-04-11T15:42:10Z">
          <reporter-output>
          </reporter-output>
        </test-method> <!-- loginByPhone -->
        <test-method status="PASS" signature="quit()[pri:0, instance:com.noon.iosapp.LoginByPhoneTest@45820e51]" name="quit" is-config="true" duration-ms="477" started-at="2017-04-11T15:42:10Z" finished-at="2017-04-11T15:42:10Z">
          <reporter-output>
          </reporter-output>
        </test-method> <!-- quit -->
      </class> <!-- com.noon.iosapp.LoginByPhoneTest -->
    </test> <!-- Login By Phone Test -->
    <test name="Login By Email Test" duration-ms="69430" started-at="2017-04-11T11:42:10Z" finished-at="2017-04-11T11:43:20Z">
      <class name="com.noon.iosapp.LoginByEmailTest">
        <test-method status="PASS" signature="loginByEmail()[pri:0, instance:com.noon.iosapp.LoginByEmailTest@5bcea91b]" name="loginByEmail" duration-ms="68970" started-at="2017-04-11T15:42:10Z" finished-at="2017-04-11T15:43:19Z">
          <reporter-output>
          </reporter-output>
        </test-method> <!-- loginByEmail -->
        <test-method status="PASS" signature="quit()[pri:0, instance:com.noon.iosapp.LoginByEmailTest@5bcea91b]" name="quit" is-config="true" duration-ms="459" started-at="2017-04-11T15:43:19Z" finished-at="2017-04-11T15:43:20Z">
          <reporter-output>
          </reporter-output>
        </test-method> <!-- quit -->
      </class> <!-- com.noon.iosapp.LoginByEmailTest -->
    </test> <!-- Login By Email Test -->
    <test name="Add to cart Test" duration-ms="20025" started-at="2017-04-11T11:43:20Z" finished-at="2017-04-11T11:43:40Z">
      <class name="com.noon.iosapp.AddToCartTest">
        <test-method status="FAIL" signature="addToCart()[pri:0, instance:com.noon.iosapp.AddToCartTest@46daef40]" name="addToCart" duration-ms="19554" started-at="2017-04-11T15:43:20Z" finished-at="2017-04-11T15:43:39Z">
          <exception class="java.lang.NoClassDefFoundError">
            <message>
              <![CDATA[com/fasterxml/jackson/databind/JavaType]]>
            </message>
            <full-stacktrace>
              <![CDATA[java.lang.NoClassDefFoundError: com/fasterxml/jackson/databind/JavaType
	at services.ProductService.<init>(ProductService.java:18)
	at com.noon.iosapp.AddToCartTest.addToCart(AddToCartTest.java:32)
	at sun.reflect.NativeMethodAccessorImpl.invoke0(Native Method)
	at sun.reflect.NativeMethodAccessorImpl.invoke(NativeMethodAccessorImpl.java:62)
	at sun.reflect.DelegatingMethodAccessorImpl.invoke(DelegatingMethodAccessorImpl.java:43)
	at java.lang.reflect.Method.invoke(Method.java:498)
	at org.testng.internal.MethodInvocationHelper.invokeMethod(MethodInvocationHelper.java:85)
	at org.testng.internal.Invoker.invokeMethod(Invoker.java:639)
	at org.testng.internal.Invoker.invokeTestMethod(Invoker.java:816)
	at org.testng.internal.Invoker.invokeTestMethods(Invoker.java:1124)
	at org.testng.internal.TestMethodWorker.invokeTestMethods(TestMethodWorker.java:125)
	at org.testng.internal.TestMethodWorker.run(TestMethodWorker.java:108)
	at org.testng.TestRunner.privateRun(TestRunner.java:774)
	at org.testng.TestRunner.run(TestRunner.java:624)
	at org.testng.SuiteRunner.runTest(SuiteRunner.java:359)
	at org.testng.SuiteRunner.runSequentially(SuiteRunner.java:354)
	at org.testng.SuiteRunner.privateRun(SuiteRunner.java:312)
	at org.testng.SuiteRunner.run(SuiteRunner.java:261)
	at org.testng.SuiteRunnerWorker.runSuite(SuiteRunnerWorker.java:52)
	at org.testng.SuiteRunnerWorker.run(SuiteRunnerWorker.java:86)
	at org.testng.TestNG.runSuitesSequentially(TestNG.java:1215)
	at org.testng.TestNG.runSuitesLocally(TestNG.java:1140)
	at org.testng.TestNG.run(TestNG.java:1048)
	at org.testng.TestNG.privateMain(TestNG.java:1355)
	at org.testng.TestNG.main(TestNG.java:1324)
Caused by: java.lang.ClassNotFoundException: com.fasterxml.jackson.databind.JavaType
	at java.net.URLClassLoader.findClass(URLClassLoader.java:381)
	at java.lang.ClassLoader.loadClass(ClassLoader.java:424)
	at sun.misc.Launcher$AppClassLoader.loadClass(Launcher.java:331)
	at java.lang.ClassLoader.loadClass(ClassLoader.java:357)
	... 25 more
]]>
            </full-stacktrace>
          </exception> <!-- java.lang.NoClassDefFoundError -->
          <reporter-output>
          </reporter-output>
        </test-method> <!-- addToCart -->
        <test-method status="PASS" signature="quit()[pri:0, instance:com.noon.iosapp.AddToCartTest@46daef40]" name="quit" is-config="true" duration-ms="471" started-at="2017-04-11T15:43:39Z" finished-at="2017-04-11T15:43:40Z">
          <reporter-output>
          </reporter-output>
        </test-method> <!-- quit -->
      </class> <!-- com.noon.iosapp.AddToCartTest -->
    </test> <!-- Add to cart Test -->
    <test name="Buy now Test" duration-ms="18964" started-at="2017-04-11T11:43:40Z" finished-at="2017-04-11T11:43:59Z">
      <class name="com.noon.iosapp.BuyNowTest">
        <test-method status="FAIL" signature="buyNowItems()[pri:0, instance:com.noon.iosapp.BuyNowTest@7a3d45bd]" name="buyNowItems" duration-ms="18530" started-at="2017-04-11T15:43:40Z" finished-at="2017-04-11T15:43:58Z">
          <exception class="java.lang.NoClassDefFoundError">
            <message>
              <![CDATA[com/fasterxml/jackson/databind/JavaType]]>
            </message>
            <full-stacktrace>
              <![CDATA[java.lang.NoClassDefFoundError: com/fasterxml/jackson/databind/JavaType
	at services.ProductService.<init>(ProductService.java:18)
	at com.noon.iosapp.BuyNowTest.buyNowItems(BuyNowTest.java:32)
	at sun.reflect.NativeMethodAccessorImpl.invoke0(Native Method)
	at sun.reflect.NativeMethodAccessorImpl.invoke(NativeMethodAccessorImpl.java:62)
	at sun.reflect.DelegatingMethodAccessorImpl.invoke(DelegatingMethodAccessorImpl.java:43)
	at java.lang.reflect.Method.invoke(Method.java:498)
	at org.testng.internal.MethodInvocationHelper.invokeMethod(MethodInvocationHelper.java:85)
	at org.testng.internal.Invoker.invokeMethod(Invoker.java:639)
	at org.testng.internal.Invoker.invokeTestMethod(Invoker.java:816)
	at org.testng.internal.Invoker.invokeTestMethods(Invoker.java:1124)
	at org.testng.internal.TestMethodWorker.invokeTestMethods(TestMethodWorker.java:125)
	at org.testng.internal.TestMethodWorker.run(TestMethodWorker.java:108)
	at org.testng.TestRunner.privateRun(TestRunner.java:774)
	at org.testng.TestRunner.run(TestRunner.java:624)
	at org.testng.SuiteRunner.runTest(SuiteRunner.java:359)
	at org.testng.SuiteRunner.runSequentially(SuiteRunner.java:354)
	at org.testng.SuiteRunner.privateRun(SuiteRunner.java:312)
	at org.testng.SuiteRunner.run(SuiteRunner.java:261)
	at org.testng.SuiteRunnerWorker.runSuite(SuiteRunnerWorker.java:52)
	at org.testng.SuiteRunnerWorker.run(SuiteRunnerWorker.java:86)
	at org.testng.TestNG.runSuitesSequentially(TestNG.java:1215)
	at org.testng.TestNG.runSuitesLocally(TestNG.java:1140)
	at org.testng.TestNG.run(TestNG.java:1048)
	at org.testng.TestNG.privateMain(TestNG.java:1355)
	at org.testng.TestNG.main(TestNG.java:1324)
Caused by: java.lang.ClassNotFoundException: com.fasterxml.jackson.databind.JavaType
	at java.net.URLClassLoader.findClass(URLClassLoader.java:381)
	at java.lang.ClassLoader.loadClass(ClassLoader.java:424)
	at sun.misc.Launcher$AppClassLoader.loadClass(Launcher.java:331)
	at java.lang.ClassLoader.loadClass(ClassLoader.java:357)
	... 25 more
]]>
            </full-stacktrace>
          </exception> <!-- java.lang.NoClassDefFoundError -->
          <reporter-output>
          </reporter-output>
        </test-method> <!-- buyNowItems -->
        <test-method status="PASS" signature="quit()[pri:0, instance:com.noon.iosapp.BuyNowTest@7a3d45bd]" name="quit" is-config="true" duration-ms="434" started-at="2017-04-11T15:43:58Z" finished-at="2017-04-11T15:43:59Z">
          <reporter-output>
          </reporter-output>
        </test-method> <!-- quit -->
      </class> <!-- com.noon.iosapp.BuyNowTest -->
    </test> <!-- Buy now Test -->
    <test name="Edit cart Test" duration-ms="19572" started-at="2017-04-11T11:43:59Z" finished-at="2017-04-11T11:44:18Z">
      <class name="com.noon.iosapp.EditCartTest">
        <test-method status="FAIL" signature="editCartItems()[pri:0, instance:com.noon.iosapp.EditCartTest@3aeaafa6]" name="editCartItems" duration-ms="19141" started-at="2017-04-11T15:43:59Z" finished-at="2017-04-11T15:44:18Z">
          <exception class="java.lang.NoClassDefFoundError">
            <message>
              <![CDATA[com/fasterxml/jackson/databind/JavaType]]>
            </message>
            <full-stacktrace>
              <![CDATA[java.lang.NoClassDefFoundError: com/fasterxml/jackson/databind/JavaType
	at services.ProductService.<init>(ProductService.java:18)
	at com.noon.iosapp.EditCartTest.editCartItems(EditCartTest.java:34)
	at sun.reflect.NativeMethodAccessorImpl.invoke0(Native Method)
	at sun.reflect.NativeMethodAccessorImpl.invoke(NativeMethodAccessorImpl.java:62)
	at sun.reflect.DelegatingMethodAccessorImpl.invoke(DelegatingMethodAccessorImpl.java:43)
	at java.lang.reflect.Method.invoke(Method.java:498)
	at org.testng.internal.MethodInvocationHelper.invokeMethod(MethodInvocationHelper.java:85)
	at org.testng.internal.Invoker.invokeMethod(Invoker.java:639)
	at org.testng.internal.Invoker.invokeTestMethod(Invoker.java:816)
	at org.testng.internal.Invoker.invokeTestMethods(Invoker.java:1124)
	at org.testng.internal.TestMethodWorker.invokeTestMethods(TestMethodWorker.java:125)
	at org.testng.internal.TestMethodWorker.run(TestMethodWorker.java:108)
	at org.testng.TestRunner.privateRun(TestRunner.java:774)
	at org.testng.TestRunner.run(TestRunner.java:624)
	at org.testng.SuiteRunner.runTest(SuiteRunner.java:359)
	at org.testng.SuiteRunner.runSequentially(SuiteRunner.java:354)
	at org.testng.SuiteRunner.privateRun(SuiteRunner.java:312)
	at org.testng.SuiteRunner.run(SuiteRunner.java:261)
	at org.testng.SuiteRunnerWorker.runSuite(SuiteRunnerWorker.java:52)
	at org.testng.SuiteRunnerWorker.run(SuiteRunnerWorker.java:86)
	at org.testng.TestNG.runSuitesSequentially(TestNG.java:1215)
	at org.testng.TestNG.runSuitesLocally(TestNG.java:1140)
	at org.testng.TestNG.run(TestNG.java:1048)
	at org.testng.TestNG.privateMain(TestNG.java:1355)
	at org.testng.TestNG.main(TestNG.java:1324)
Caused by: java.lang.ClassNotFoundException: com.fasterxml.jackson.databind.JavaType
	at java.net.URLClassLoader.findClass(URLClassLoader.java:381)
	at java.lang.ClassLoader.loadClass(ClassLoader.java:424)
	at sun.misc.Launcher$AppClassLoader.loadClass(Launcher.java:331)
	at java.lang.ClassLoader.loadClass(ClassLoader.java:357)
	... 25 more
]]>
            </full-stacktrace>
          </exception> <!-- java.lang.NoClassDefFoundError -->
          <reporter-output>
          </reporter-output>
        </test-method> <!-- editCartItems -->
        <test-method status="PASS" signature="quit()[pri:0, instance:com.noon.iosapp.EditCartTest@3aeaafa6]" name="quit" is-config="true" duration-ms="430" started-at="2017-04-11T15:44:18Z" finished-at="2017-04-11T15:44:18Z">
          <reporter-output>
          </reporter-output>
        </test-method> <!-- quit -->
      </class> <!-- com.noon.iosapp.EditCartTest -->
    </test> <!-- Edit cart Test -->
    <test name="Add new address from Address Book Test" duration-ms="84397" started-at="2017-04-11T11:44:19Z" finished-at="2017-04-11T11:45:43Z">
      <class name="com.noon.iosapp.AddAddressBookTest">
        <test-method status="FAIL" signature="addAddressBook()[pri:0, instance:com.noon.iosapp.AddAddressBookTest@eafc191]" name="addAddressBook" duration-ms="83991" started-at="2017-04-11T15:44:19Z" finished-at="2017-04-11T15:45:43Z">
          <exception class="java.lang.NoClassDefFoundError">
            <message>
              <![CDATA[com/fasterxml/jackson/databind/JavaType]]>
            </message>
            <full-stacktrace>
              <![CDATA[java.lang.NoClassDefFoundError: com/fasterxml/jackson/databind/JavaType
	at services.AddressService.deleteAllAddresses(AddressService.java:27)
	at com.noon.iosapp.AddAddressBookTest.addAddressBook(AddAddressBookTest.java:67)
	at sun.reflect.NativeMethodAccessorImpl.invoke0(Native Method)
	at sun.reflect.NativeMethodAccessorImpl.invoke(NativeMethodAccessorImpl.java:62)
	at sun.reflect.DelegatingMethodAccessorImpl.invoke(DelegatingMethodAccessorImpl.java:43)
	at java.lang.reflect.Method.invoke(Method.java:498)
	at org.testng.internal.MethodInvocationHelper.invokeMethod(MethodInvocationHelper.java:85)
	at org.testng.internal.Invoker.invokeMethod(Invoker.java:639)
	at org.testng.internal.Invoker.invokeTestMethod(Invoker.java:816)
	at org.testng.internal.Invoker.invokeTestMethods(Invoker.java:1124)
	at org.testng.internal.TestMethodWorker.invokeTestMethods(TestMethodWorker.java:125)
	at org.testng.internal.TestMethodWorker.run(TestMethodWorker.java:108)
	at org.testng.TestRunner.privateRun(TestRunner.java:774)
	at org.testng.TestRunner.run(TestRunner.java:624)
	at org.testng.SuiteRunner.runTest(SuiteRunner.java:359)
	at org.testng.SuiteRunner.runSequentially(SuiteRunner.java:354)
	at org.testng.SuiteRunner.privateRun(SuiteRunner.java:312)
	at org.testng.SuiteRunner.run(SuiteRunner.java:261)
	at org.testng.SuiteRunnerWorker.runSuite(SuiteRunnerWorker.java:52)
	at org.testng.SuiteRunnerWorker.run(SuiteRunnerWorker.java:86)
	at org.testng.TestNG.runSuitesSequentially(TestNG.java:1215)
	at org.testng.TestNG.runSuitesLocally(TestNG.java:1140)
	at org.testng.TestNG.run(TestNG.java:1048)
	at org.testng.TestNG.privateMain(TestNG.java:1355)
	at org.testng.TestNG.main(TestNG.java:1324)
Caused by: java.lang.ClassNotFoundException: com.fasterxml.jackson.databind.JavaType
	at java.net.URLClassLoader.findClass(URLClassLoader.java:381)
	at java.lang.ClassLoader.loadClass(ClassLoader.java:424)
	at sun.misc.Launcher$AppClassLoader.loadClass(Launcher.java:331)
	at java.lang.ClassLoader.loadClass(ClassLoader.java:357)
	... 25 more
]]>
            </full-stacktrace>
          </exception> <!-- java.lang.NoClassDefFoundError -->
          <reporter-output>
          </reporter-output>
        </test-method> <!-- addAddressBook -->
        <test-method status="PASS" signature="quit()[pri:0, instance:com.noon.iosapp.AddAddressBookTest@eafc191]" name="quit" is-config="true" duration-ms="406" started-at="2017-04-11T15:45:43Z" finished-at="2017-04-11T15:45:43Z">
          <reporter-output>
          </reporter-output>
        </test-method> <!-- quit -->
      </class> <!-- com.noon.iosapp.AddAddressBookTest -->
    </test> <!-- Add new address from Address Book Test -->
    <test name="Add new address from checkout Test" duration-ms="18877" started-at="2017-04-11T11:45:43Z" finished-at="2017-04-11T11:46:02Z">
      <class name="com.noon.iosapp.AddAddressCheckoutTest">
        <test-method status="FAIL" signature="addToCart()[pri:0, instance:com.noon.iosapp.AddAddressCheckoutTest@491cc5c9]" name="addToCart" duration-ms="18465" started-at="2017-04-11T15:45:43Z" finished-at="2017-04-11T15:46:01Z">
          <exception class="java.lang.NoClassDefFoundError">
            <message>
              <![CDATA[com/fasterxml/jackson/databind/JavaType]]>
            </message>
            <full-stacktrace>
              <![CDATA[java.lang.NoClassDefFoundError: com/fasterxml/jackson/databind/JavaType
	at services.ProductService.<init>(ProductService.java:18)
	at com.noon.iosapp.AddAddressCheckoutTest.addToCart(AddAddressCheckoutTest.java:52)
	at sun.reflect.NativeMethodAccessorImpl.invoke0(Native Method)
	at sun.reflect.NativeMethodAccessorImpl.invoke(NativeMethodAccessorImpl.java:62)
	at sun.reflect.DelegatingMethodAccessorImpl.invoke(DelegatingMethodAccessorImpl.java:43)
	at java.lang.reflect.Method.invoke(Method.java:498)
	at org.testng.internal.MethodInvocationHelper.invokeMethod(MethodInvocationHelper.java:85)
	at org.testng.internal.Invoker.invokeMethod(Invoker.java:639)
	at org.testng.internal.Invoker.invokeTestMethod(Invoker.java:816)
	at org.testng.internal.Invoker.invokeTestMethods(Invoker.java:1124)
	at org.testng.internal.TestMethodWorker.invokeTestMethods(TestMethodWorker.java:125)
	at org.testng.internal.TestMethodWorker.run(TestMethodWorker.java:108)
	at org.testng.TestRunner.privateRun(TestRunner.java:774)
	at org.testng.TestRunner.run(TestRunner.java:624)
	at org.testng.SuiteRunner.runTest(SuiteRunner.java:359)
	at org.testng.SuiteRunner.runSequentially(SuiteRunner.java:354)
	at org.testng.SuiteRunner.privateRun(SuiteRunner.java:312)
	at org.testng.SuiteRunner.run(SuiteRunner.java:261)
	at org.testng.SuiteRunnerWorker.runSuite(SuiteRunnerWorker.java:52)
	at org.testng.SuiteRunnerWorker.run(SuiteRunnerWorker.java:86)
	at org.testng.TestNG.runSuitesSequentially(TestNG.java:1215)
	at org.testng.TestNG.runSuitesLocally(TestNG.java:1140)
	at org.testng.TestNG.run(TestNG.java:1048)
	at org.testng.TestNG.privateMain(TestNG.java:1355)
	at org.testng.TestNG.main(TestNG.java:1324)
Caused by: java.lang.ClassNotFoundException: com.fasterxml.jackson.databind.JavaType
	at java.net.URLClassLoader.findClass(URLClassLoader.java:381)
	at java.lang.ClassLoader.loadClass(ClassLoader.java:424)
	at sun.misc.Launcher$AppClassLoader.loadClass(Launcher.java:331)
	at java.lang.ClassLoader.loadClass(ClassLoader.java:357)
	... 25 more
]]>
            </full-stacktrace>
          </exception> <!-- java.lang.NoClassDefFoundError -->
          <reporter-output>
          </reporter-output>
        </test-method> <!-- addToCart -->
        <test-method status="PASS" signature="quit()[pri:0, instance:com.noon.iosapp.AddAddressCheckoutTest@491cc5c9]" name="quit" is-config="true" duration-ms="412" started-at="2017-04-11T15:46:01Z" finished-at="2017-04-11T15:46:02Z">
          <reporter-output>
          </reporter-output>
        </test-method> <!-- quit -->
      </class> <!-- com.noon.iosapp.AddAddressCheckoutTest -->
    </test> <!-- Add new address from checkout Test -->
    <test name="Add credit card through Wallet Test" duration-ms="114158" started-at="2017-04-11T11:46:02Z" finished-at="2017-04-11T11:47:56Z">
      <class name="com.noon.iosapp.AddCreditCardWalletTest">
        <test-method status="PASS" signature="addCreditCardWallet()[pri:0, instance:com.noon.iosapp.AddCreditCardWalletTest@66d1af89]" name="addCreditCardWallet" duration-ms="113728" started-at="2017-04-11T15:46:02Z" finished-at="2017-04-11T15:47:56Z">
          <reporter-output>
          </reporter-output>
        </test-method> <!-- addCreditCardWallet -->
        <test-method status="PASS" signature="quit()[pri:0, instance:com.noon.iosapp.AddCreditCardWalletTest@66d1af89]" name="quit" is-config="true" duration-ms="429" started-at="2017-04-11T15:47:56Z" finished-at="2017-04-11T15:47:56Z">
          <reporter-output>
          </reporter-output>
        </test-method> <!-- quit -->
      </class> <!-- com.noon.iosapp.AddCreditCardWalletTest -->
    </test> <!-- Add credit card through Wallet Test -->
    <test name="Add credit card through checkout Test" duration-ms="18947" started-at="2017-04-11T11:47:57Z" finished-at="2017-04-11T11:48:15Z">
      <class name="com.noon.iosapp.AddCreditCardCheckoutTest">
        <test-method status="FAIL" signature="AddCreditCardCheckout()[pri:0, instance:com.noon.iosapp.AddCreditCardCheckoutTest@42eca56e]" name="AddCreditCardCheckout" duration-ms="18551" started-at="2017-04-11T15:47:57Z" finished-at="2017-04-11T15:48:15Z">
          <exception class="java.lang.NoClassDefFoundError">
            <message>
              <![CDATA[com/fasterxml/jackson/databind/JavaType]]>
            </message>
            <full-stacktrace>
              <![CDATA[java.lang.NoClassDefFoundError: com/fasterxml/jackson/databind/JavaType
	at services.ProductService.<init>(ProductService.java:18)
	at com.noon.iosapp.AddCreditCardCheckoutTest.AddCreditCardCheckout(AddCreditCardCheckoutTest.java:60)
	at sun.reflect.NativeMethodAccessorImpl.invoke0(Native Method)
	at sun.reflect.NativeMethodAccessorImpl.invoke(NativeMethodAccessorImpl.java:62)
	at sun.reflect.DelegatingMethodAccessorImpl.invoke(DelegatingMethodAccessorImpl.java:43)
	at java.lang.reflect.Method.invoke(Method.java:498)
	at org.testng.internal.MethodInvocationHelper.invokeMethod(MethodInvocationHelper.java:85)
	at org.testng.internal.Invoker.invokeMethod(Invoker.java:639)
	at org.testng.internal.Invoker.invokeTestMethod(Invoker.java:816)
	at org.testng.internal.Invoker.invokeTestMethods(Invoker.java:1124)
	at org.testng.internal.TestMethodWorker.invokeTestMethods(TestMethodWorker.java:125)
	at org.testng.internal.TestMethodWorker.run(TestMethodWorker.java:108)
	at org.testng.TestRunner.privateRun(TestRunner.java:774)
	at org.testng.TestRunner.run(TestRunner.java:624)
	at org.testng.SuiteRunner.runTest(SuiteRunner.java:359)
	at org.testng.SuiteRunner.runSequentially(SuiteRunner.java:354)
	at org.testng.SuiteRunner.privateRun(SuiteRunner.java:312)
	at org.testng.SuiteRunner.run(SuiteRunner.java:261)
	at org.testng.SuiteRunnerWorker.runSuite(SuiteRunnerWorker.java:52)
	at org.testng.SuiteRunnerWorker.run(SuiteRunnerWorker.java:86)
	at org.testng.TestNG.runSuitesSequentially(TestNG.java:1215)
	at org.testng.TestNG.runSuitesLocally(TestNG.java:1140)
	at org.testng.TestNG.run(TestNG.java:1048)
	at org.testng.TestNG.privateMain(TestNG.java:1355)
	at org.testng.TestNG.main(TestNG.java:1324)
Caused by: java.lang.ClassNotFoundException: com.fasterxml.jackson.databind.JavaType
	at java.net.URLClassLoader.findClass(URLClassLoader.java:381)
	at java.lang.ClassLoader.loadClass(ClassLoader.java:424)
	at sun.misc.Launcher$AppClassLoader.loadClass(Launcher.java:331)
	at java.lang.ClassLoader.loadClass(ClassLoader.java:357)
	... 25 more
]]>
            </full-stacktrace>
          </exception> <!-- java.lang.NoClassDefFoundError -->
          <reporter-output>
          </reporter-output>
        </test-method> <!-- AddCreditCardCheckout -->
        <test-method status="PASS" signature="quit()[pri:0, instance:com.noon.iosapp.AddCreditCardCheckoutTest@42eca56e]" name="quit" is-config="true" duration-ms="395" started-at="2017-04-11T15:48:15Z" finished-at="2017-04-11T15:48:15Z">
          <reporter-output>
          </reporter-output>
        </test-method> <!-- quit -->
      </class> <!-- com.noon.iosapp.AddCreditCardCheckoutTest -->
    </test> <!-- Add credit card through checkout Test -->
    <test name="Checkout through COD Test" duration-ms="18842" started-at="2017-04-11T11:48:15Z" finished-at="2017-04-11T11:48:34Z">
      <class name="com.noon.iosapp.PayWithCODTest">
        <test-method status="FAIL" signature="payWithCODCard()[pri:0, instance:com.noon.iosapp.PayWithCODTest@33723e30]" name="payWithCODCard" duration-ms="18433" started-at="2017-04-11T15:48:15Z" finished-at="2017-04-11T15:48:34Z">
          <exception class="java.lang.NoClassDefFoundError">
            <message>
              <![CDATA[com/fasterxml/jackson/databind/JavaType]]>
            </message>
            <full-stacktrace>
              <![CDATA[java.lang.NoClassDefFoundError: com/fasterxml/jackson/databind/JavaType
	at services.ProductService.<init>(ProductService.java:18)
	at com.noon.iosapp.PayWithCODTest.payWithCODCard(PayWithCODTest.java:57)
	at sun.reflect.NativeMethodAccessorImpl.invoke0(Native Method)
	at sun.reflect.NativeMethodAccessorImpl.invoke(NativeMethodAccessorImpl.java:62)
	at sun.reflect.DelegatingMethodAccessorImpl.invoke(DelegatingMethodAccessorImpl.java:43)
	at java.lang.reflect.Method.invoke(Method.java:498)
	at org.testng.internal.MethodInvocationHelper.invokeMethod(MethodInvocationHelper.java:85)
	at org.testng.internal.Invoker.invokeMethod(Invoker.java:639)
	at org.testng.internal.Invoker.invokeTestMethod(Invoker.java:816)
	at org.testng.internal.Invoker.invokeTestMethods(Invoker.java:1124)
	at org.testng.internal.TestMethodWorker.invokeTestMethods(TestMethodWorker.java:125)
	at org.testng.internal.TestMethodWorker.run(TestMethodWorker.java:108)
	at org.testng.TestRunner.privateRun(TestRunner.java:774)
	at org.testng.TestRunner.run(TestRunner.java:624)
	at org.testng.SuiteRunner.runTest(SuiteRunner.java:359)
	at org.testng.SuiteRunner.runSequentially(SuiteRunner.java:354)
	at org.testng.SuiteRunner.privateRun(SuiteRunner.java:312)
	at org.testng.SuiteRunner.run(SuiteRunner.java:261)
	at org.testng.SuiteRunnerWorker.runSuite(SuiteRunnerWorker.java:52)
	at org.testng.SuiteRunnerWorker.run(SuiteRunnerWorker.java:86)
	at org.testng.TestNG.runSuitesSequentially(TestNG.java:1215)
	at org.testng.TestNG.runSuitesLocally(TestNG.java:1140)
	at org.testng.TestNG.run(TestNG.java:1048)
	at org.testng.TestNG.privateMain(TestNG.java:1355)
	at org.testng.TestNG.main(TestNG.java:1324)
Caused by: java.lang.ClassNotFoundException: com.fasterxml.jackson.databind.JavaType
	at java.net.URLClassLoader.findClass(URLClassLoader.java:381)
	at java.lang.ClassLoader.loadClass(ClassLoader.java:424)
	at sun.misc.Launcher$AppClassLoader.loadClass(Launcher.java:331)
	at java.lang.ClassLoader.loadClass(ClassLoader.java:357)
	... 25 more
]]>
            </full-stacktrace>
          </exception> <!-- java.lang.NoClassDefFoundError -->
          <reporter-output>
          </reporter-output>
        </test-method> <!-- payWithCODCard -->
        <test-method status="PASS" signature="quit()[pri:0, instance:com.noon.iosapp.PayWithCODTest@33723e30]" name="quit" is-config="true" duration-ms="408" started-at="2017-04-11T15:48:34Z" finished-at="2017-04-11T15:48:34Z">
          <reporter-output>
          </reporter-output>
        </test-method> <!-- quit -->
      </class> <!-- com.noon.iosapp.PayWithCODTest -->
    </test> <!-- Checkout through COD Test -->
    <test name="Pay with credit card  Test" duration-ms="18845" started-at="2017-04-11T11:48:34Z" finished-at="2017-04-11T11:48:53Z">
      <class name="com.noon.iosapp.PayWithCreditCardTest">
        <test-method status="FAIL" signature="AddCreditCardCheckout()[pri:0, instance:com.noon.iosapp.PayWithCreditCardTest@74a10858]" name="AddCreditCardCheckout" duration-ms="18421" started-at="2017-04-11T15:48:34Z" finished-at="2017-04-11T15:48:53Z">
          <exception class="java.lang.NoClassDefFoundError">
            <message>
              <![CDATA[com/fasterxml/jackson/databind/JavaType]]>
            </message>
            <full-stacktrace>
              <![CDATA[java.lang.NoClassDefFoundError: com/fasterxml/jackson/databind/JavaType
	at services.ProductService.<init>(ProductService.java:18)
	at com.noon.iosapp.PayWithCreditCardTest.AddCreditCardCheckout(PayWithCreditCardTest.java:54)
	at sun.reflect.NativeMethodAccessorImpl.invoke0(Native Method)
	at sun.reflect.NativeMethodAccessorImpl.invoke(NativeMethodAccessorImpl.java:62)
	at sun.reflect.DelegatingMethodAccessorImpl.invoke(DelegatingMethodAccessorImpl.java:43)
	at java.lang.reflect.Method.invoke(Method.java:498)
	at org.testng.internal.MethodInvocationHelper.invokeMethod(MethodInvocationHelper.java:85)
	at org.testng.internal.Invoker.invokeMethod(Invoker.java:639)
	at org.testng.internal.Invoker.invokeTestMethod(Invoker.java:816)
	at org.testng.internal.Invoker.invokeTestMethods(Invoker.java:1124)
	at org.testng.internal.TestMethodWorker.invokeTestMethods(TestMethodWorker.java:125)
	at org.testng.internal.TestMethodWorker.run(TestMethodWorker.java:108)
	at org.testng.TestRunner.privateRun(TestRunner.java:774)
	at org.testng.TestRunner.run(TestRunner.java:624)
	at org.testng.SuiteRunner.runTest(SuiteRunner.java:359)
	at org.testng.SuiteRunner.runSequentially(SuiteRunner.java:354)
	at org.testng.SuiteRunner.privateRun(SuiteRunner.java:312)
	at org.testng.SuiteRunner.run(SuiteRunner.java:261)
	at org.testng.SuiteRunnerWorker.runSuite(SuiteRunnerWorker.java:52)
	at org.testng.SuiteRunnerWorker.run(SuiteRunnerWorker.java:86)
	at org.testng.TestNG.runSuitesSequentially(TestNG.java:1215)
	at org.testng.TestNG.runSuitesLocally(TestNG.java:1140)
	at org.testng.TestNG.run(TestNG.java:1048)
	at org.testng.TestNG.privateMain(TestNG.java:1355)
	at org.testng.TestNG.main(TestNG.java:1324)
Caused by: java.lang.ClassNotFoundException: com.fasterxml.jackson.databind.JavaType
	at java.net.URLClassLoader.findClass(URLClassLoader.java:381)
	at java.lang.ClassLoader.loadClass(ClassLoader.java:424)
	at sun.misc.Launcher$AppClassLoader.loadClass(Launcher.java:331)
	at java.lang.ClassLoader.loadClass(ClassLoader.java:357)
	... 25 more
]]>
            </full-stacktrace>
          </exception> <!-- java.lang.NoClassDefFoundError -->
          <reporter-output>
          </reporter-output>
        </test-method> <!-- AddCreditCardCheckout -->
        <test-method status="PASS" signature="quit()[pri:0, instance:com.noon.iosapp.PayWithCreditCardTest@74a10858]" name="quit" is-config="true" duration-ms="424" started-at="2017-04-11T15:48:53Z" finished-at="2017-04-11T15:48:53Z">
          <reporter-output>
          </reporter-output>
        </test-method> <!-- quit -->
      </class> <!-- com.noon.iosapp.PayWithCreditCardTest -->
    </test> <!-- Pay with credit card  Test -->
  </suite> <!-- Noon -->
</testng-results>
